2025-03-21 22:44:06 vathanak Login into program
2025-03-21 22:44:09 vathanak Navigate to Compress
2025-03-21 22:44:21 vathanak compress function into file
2025-03-21 23:35:05 vathanak Login into program
2025-03-21 23:35:09 vathanak Login into program
2025-03-22 00:00:42 vathanak Login into program
2025-03-22 00:00:44 vathanak Navigate to List File or Directory
2025-03-22 00:04:12 vathanak Login into program
2025-03-22 00:04:15 vathanak Navigate to Create Backup
2025-03-28 09:08:14 vathanak Login into program
2025-03-28 09:08:16 vathanak Navigate to List File or Directory
2025-03-28 09:08:19 vathanak list information in directory /media/CADT/CADT_Year_Two
2025-03-28 09:08:27 vathanak Navigate to Create Backup
2025-03-28 09:08:35 vathanak create backup a directory /media/CADT/CADT_Year_Two/OS/File-and-Directory-Management-Program/function into /media/CADT/CADT_Year_Two/OS/File-and-Directory-Management-Program/newFunction/function
2025-03-28 09:08:41 vathanak Navigate to Count the number of files in a Directory
2025-03-28 09:08:52 vathanak Navigate to Count the number of files in a Directory
2025-03-28 09:11:15 vathanak Login into program
2025-03-28 09:11:17 vathanak Navigate to Count the number of files in a Directory
2025-03-28 10:08:41 vathanak Login into program
2025-03-28 10:08:43 vathanak Navigate to Display disk usage
2025-03-28 10:09:45 vathanak Login into program
2025-03-28 10:09:49 vathanak Login into program
2025-03-28 10:09:59 vathanak Login into program
2025-03-28 10:10:42 vathanak Login into program
2025-03-28 10:10:51 vathanak Login into program
2025-03-28 10:10:53 vathanak Navigate to Display disk usage
2025-03-28 10:11:04 vathanak Navigate to Compress
2025-03-28 10:11:19 vathanak compress new.zip into newFunction
2025-03-28 10:11:35 vathanak Exiting program
2025-03-28 10:13:23 vathanak Login into program
2025-03-28 10:14:23 vathanak Navigate to Compress
2025-03-28 10:14:33 vathanak compress function into function.zip
2025-03-28 10:18:45 vathanak Login into program
2025-03-28 10:18:48 vathanak Navigate to Compress
2025-03-28 10:18:57 vathanak compress function into function.zip
2025-03-28 10:35:11 vathanak Login into program
2025-03-28 10:35:13 vathanak Navigate to Compress
2025-03-28 10:35:32 vathanak compress function into fun.rar
2025-03-28 10:36:09 vathanak Login into program
2025-03-28 10:36:12 vathanak Navigate to Compress
2025-03-28 10:36:21 vathanak Navigate to Compress
2025-03-28 10:36:27 vathanak compress function into f.rar
2025-03-28 10:37:22 vathanak Login into program
2025-03-28 10:37:26 vathanak Navigate to Compress
2025-03-28 10:37:38 vathanak compress function into function.gz
2025-03-28 11:13:52 vathanak Login into program
2025-03-28 11:14:27 vathanak Login into program
2025-03-28 11:14:30 vathanak Navigate to Compress
2025-03-28 11:14:41 vathanak compress function into function.zip
2025-03-28 11:14:45 vathanak Navigate to Extract File
2025-03-28 11:14:58 vathanak uncompress function.zip into newFunction
2025-03-28 13:50:18 sat-panha Login into program
2025-03-28 13:50:23 sat-panha Navigate to List File or Directory
2025-03-28 13:50:37 sat-panha Navigate to Create Backup
2025-03-28 13:50:49 sat-panha Navigate to Count the number of files in a Directory
2025-03-28 13:50:57 sat-panha Navigate to Display disk usage
2025-03-28 13:51:02 sat-panha Navigate to Search
2025-03-28 13:51:05 sat-panha Navigate to Compress
2025-03-28 13:51:21 sat-panha Navigate to Extract File
2025-03-28 13:51:28 sat-panha Navigate to List File or Directory
2025-03-28 13:51:31 sat-panha Navigate to Display disk usage
2025-03-28 13:51:32 sat-panha Navigate to Compress
2025-03-28 13:51:35 sat-panha Navigate to Create Backup
2025-03-28 13:51:38 sat-panha Navigate to Create Backup
2025-03-28 13:51:39 sat-panha Navigate to Display disk usage
2025-03-28 13:51:40 sat-panha Navigate to Display disk usage
2025-03-28 13:51:40 sat-panha Navigate to Count the number of files in a Directory
2025-03-28 13:51:42 sat-panha Navigate to List File or Directory
2025-03-28 13:51:43 sat-panha Navigate to Extract File
2025-03-28 13:51:44 sat-panha Navigate to Search
2025-03-28 13:51:45 sat-panha Navigate to Create Backup
2025-03-28 13:51:47 sat-panha Navigate to Extract File
2025-03-28 13:51:48 sat-panha Navigate to Count the number of files in a Directory
2025-03-28 13:51:49 sat-panha Navigate to Create Backup
2025-03-28 13:51:51 sat-panha Navigate to Create Backup
2025-03-28 13:51:52 sat-panha Navigate to Create Backup
2025-03-28 13:51:53 sat-panha Navigate to Count the number of files in a Directory
2025-03-28 13:53:14 sat-panha Login into program
2025-03-28 13:53:16 sat-panha Navigate to List File or Directory
2025-03-28 13:53:26 sat-panha Navigate to Create Backup
2025-03-28 13:53:51 sat-panha create backup a directory /home/sat-panha/Project/File-and-Directory-Management-Program/function into /home/sat-panha/Project/File-and-Directory-Management-Program/backup_function/function
2025-03-28 13:54:23 sat-panha Navigate to Count the number of files in a Directory
2025-03-28 13:56:07 sat-panha Login into program
2025-03-28 13:56:09 sat-panha Navigate to Compress
2025-03-28 13:56:20 sat-panha compress function into function.zip
2025-03-28 13:56:30 sat-panha Navigate to Extract File
2025-03-28 13:56:40 sat-panha uncompress function.zip into function
2025-03-28 13:56:53 sat-panha Navigate to Extract File
2025-03-28 13:57:06 sat-panha uncompress function.zip into new_function
